{
  "RSpec": {
    "coverage": {
      "/home/ashish/projects/todolist/app/services/http_api_service.rb": {
        "lines": [
          1,
          1,
          null,
          1,
          1,
          null,
          1,
          null,
          1,
          6,
          null,
          null,
          null,
          null,
          null,
          null
        ]
      },
      "/home/ashish/projects/todolist/app/services/http_strategy/net_http_service.rb": {
        "lines": [
          1,
          null,
          1,
          1,
          null,
          1,
          6,
          6,
          null,
          null,
          1,
          3,
          null,
          null,
          1,
          1,
          null,
          null,
          1,
          1,
          null,
          null,
          1,
          0,
          null,
          null,
          1,
          1,
          null,
          null,
          1,
          1,
          6,
          6,
          null,
          6,
          null,
          null,
          1,
          6,
          null,
          6,
          6,
          null,
          6,
          6,
          6,
          2,
          2,
          null,
          null,
          6,
          6,
          null,
          6,
          null,
          0,
          null,
          null,
          null,
          null,
          null
        ]
      },
      "/home/ashish/projects/todolist/app/controllers/todos_controller.rb": {
        "lines": [
          1,
          1,
          null,
          1,
          1,
          null,
          null,
          1,
          2,
          null,
          null,
          null,
          1,
          null,
          null,
          null,
          1,
          1,
          null,
          1,
          1,
          null,
          0,
          null,
          null,
          null,
          null,
          1,
          1,
          1,
          null,
          0,
          null,
          null,
          null,
          null,
          1,
          1,
          1,
          null,
          null,
          1,
          null,
          1,
          3,
          null,
          null,
          null,
          1,
          2,
          null,
          null,
          1,
          6,
          6,
          0,
          null,
          null,
          null
        ]
      },
      "/home/ashish/projects/todolist/app/controllers/application_controller.rb": {
        "lines": [
          1,
          null
        ]
      },
      "/home/ashish/projects/todolist/app/models/todo.rb": {
        "lines": [
          1,
          null
        ]
      },
      "/home/ashish/projects/todolist/app/models/application_record.rb": {
        "lines": [
          1,
          1,
          null
        ]
      },
      "/home/ashish/projects/todolist/app/helpers/todos_helper.rb": {
        "lines": [
          0,
          0
        ],
        "branches": {
        }
      },
      "/home/ashish/projects/todolist/app/services/external_api/base_client.rb": {
        "lines": [
          0,
          0,
          null,
          0,
          0,
          0,
          0,
          0
        ],
        "branches": {
        }
      },
      "/home/ashish/projects/todolist/app/services/external_api/github_client.rb": {
        "lines": [
          0,
          0,
          null,
          0,
          null,
          0,
          0,
          0,
          null,
          0,
          0,
          0,
          null,
          0,
          0,
          0,
          0,
          0,
          0,
          0,
          null,
          0,
          0
        ],
        "branches": {
        }
      },
      "/home/ashish/projects/todolist/app/services/external_api/todos_client.rb": {
        "lines": [
          0,
          0,
          null,
          null,
          null,
          null,
          null,
          0,
          null,
          0,
          0,
          0,
          null,
          0,
          0,
          0,
          null,
          0,
          0,
          0,
          null,
          0,
          0,
          0,
          null,
          0,
          0,
          0,
          null,
          0,
          0,
          0,
          null,
          0,
          0,
          0,
          0,
          0,
          0,
          0,
          null,
          0,
          0
        ],
        "branches": {
        }
      },
      "/home/ashish/projects/todolist/app/services/http_api_response.rb": {
        "lines": [
          0,
          null,
          0,
          0,
          0,
          null,
          0,
          0,
          0,
          null,
          0,
          0,
          0,
          0,
          null,
          0,
          0,
          null,
          0,
          0,
          null,
          0
        ],
        "branches": {
        }
      }
    },
    "timestamp": 1712414338
  }
}
